<?xml version="1.0" encoding="UTF-8"?>
<!-- Generated by org.testng.reporters.JUnitXMLReporter -->
<testsuite ignored="0" hostname="DESKTOP-F82TH42" failures="1" tests="3" name="Error Validation Test" time="28.512" errors="0" timestamp="2024-11-17T21:04:16 IST">
  <testcase classname="krishna.Tests.ErrorValidationTest" name="LoginErrorValidation" time="0.518">
    <skipped/>
  </testcase> <!-- LoginErrorValidation -->
  <testcase classname="krishna.Tests.ErrorValidationTest" name="LoginErrorValidation" time="0.99">
    <failure type="java.lang.AssertionError" message="expected [Incorrect email or password.] but found [Incorrect email password.]">
      <![CDATA[java.lang.AssertionError: expected [Incorrect email or password.] but found [Incorrect email password.]
at krishna.Tests.ErrorValidationTest.LoginErrorValidation(ErrorValidationTest.java:21)
at java.base/java.util.ArrayList.forEach(ArrayList.java:1596)
at java.base/java.util.concurrent.FutureTask.run(FutureTask.java:317)
at java.base/java.util.concurrent.ThreadPoolExecutor.runWorker(ThreadPoolExecutor.java:1144)
at java.base/java.util.concurrent.ThreadPoolExecutor$Worker.run(ThreadPoolExecutor.java:642)
at java.base/java.lang.Thread.run(Thread.java:1583)
... Removed 21 stack frames]]>
    </failure>
  </testcase> <!-- LoginErrorValidation -->
  <testcase classname="krishna.Tests.ErrorValidationTest" name="ProductErrorValidation" time="13.889"/>
</testsuite> <!-- Error Validation Test -->
