<?xml version="1.0" encoding="UTF-8"?>
<!-- Generated by org.testng.reporters.JUnitXMLReporter -->
<testsuite ignored="0" hostname="DESKTOP-F82TH42" failures="1" tests="3" name="Error Validation Test" time="15.557" errors="0" timestamp="2024-11-20T22:40:28 IST">
  <testcase classname="krishna.Tests.ErrorValidationTEST" name="LoginErrorValidation" time="0.618">
    <skipped/>
  </testcase> <!-- LoginErrorValidation -->
  <testcase classname="krishna.Tests.ErrorValidationTEST" name="LoginErrorValidation" time="0.547">
    <failure type="java.lang.AssertionError" message="expected [Login Successfully] but found [Incorrect email or password.]">
      <![CDATA[java.lang.AssertionError: expected [Login Successfully] but found [Incorrect email or password.]
at krishna.Tests.ErrorValidationTEST.LoginErrorValidation(ErrorValidationTEST.java:21)
at java.base/java.util.ArrayList.forEach(ArrayList.java:1596)
at java.base/java.util.concurrent.FutureTask.run(FutureTask.java:317)
at java.base/java.util.concurrent.ThreadPoolExecutor.runWorker(ThreadPoolExecutor.java:1144)
at java.base/java.util.concurrent.ThreadPoolExecutor$Worker.run(ThreadPoolExecutor.java:642)
at java.base/java.lang.Thread.run(Thread.java:1583)
... Removed 21 stack frames]]>
    </failure>
  </testcase> <!-- LoginErrorValidation -->
  <testcase classname="krishna.Tests.ErrorValidationTEST" name="ProductErrorValidation" time="2.467"/>
</testsuite> <!-- Error Validation Test -->
